<?xml version="1.0" encoding="UTF-8"?>
<!-- Generated by org.testng.reporters.JUnitXMLReporter -->
<testsuite ignored="0" hostname="Psikri" failures="0" tests="2" name="DockerTest" time="19.616" errors="0" timestamp="14 Sep 2020 19:32:34 GMT">
  <testcase classname="com.SeleniumWithDocker.TestGooglePageWithDocker" name="testGoogleTitleInChrome" time="13.48"/>
  <testcase classname="com.SeleniumWithDocker.TestGooglePageWithDocker" name="testGoogleTitleInFirefox" time="19.56"/>
</testsuite> <!-- DockerTest -->
