<?xml version="1.0" encoding="UTF-8"?>
<testng-results ignored="0" total="2" passed="2" failed="0" skipped="0">
  <reporter-output>
  </reporter-output>
  <suite started-at="2020-09-14T19:32:15Z" name="DockerSuite" finished-at="2020-09-14T19:32:34Z" duration-ms="19616">
    <groups>
    </groups>
    <test started-at="2020-09-14T19:32:15Z" name="DockerTest" finished-at="2020-09-14T19:32:34Z" duration-ms="19616">
      <class name="com.SeleniumWithDocker.TestGooglePageWithDocker">
        <test-method signature="testGoogleTitleInChrome()[pri:0, instance:com.SeleniumWithDocker.TestGooglePageWithDocker@3a52dba3]" started-at="2020-09-14T19:32:15Z" name="testGoogleTitleInChrome" finished-at="2020-09-14T19:32:28Z" duration-ms="13480" status="PASS">
          <reporter-output>
          </reporter-output>
        </test-method> <!-- testGoogleTitleInChrome -->
        <test-method signature="testGoogleTitleInFirefox()[pri:0, instance:com.SeleniumWithDocker.TestGooglePageWithDocker@3a52dba3]" started-at="2020-09-14T19:32:15Z" name="testGoogleTitleInFirefox" finished-at="2020-09-14T19:32:34Z" duration-ms="19560" status="PASS">
          <reporter-output>
          </reporter-output>
        </test-method> <!-- testGoogleTitleInFirefox -->
      </class> <!-- com.SeleniumWithDocker.TestGooglePageWithDocker -->
    </test> <!-- DockerTest -->
  </suite> <!-- DockerSuite -->
</testng-results>
