<?xml version="1.0" encoding="UTF-8"?>
<!-- Generated by org.testng.reporters.JUnitXMLReporter -->
<testsuite ignored="0" hostname="Psikri" failures="0" tests="2" name="DockerTest" time="30.824" errors="0" timestamp="08 Sep 2020 20:22:06 GMT">
  <testcase classname="com.SeleniumWithDocker.TestGooglePageWithDocker" name="testGoogleTitleInChrome" time="15.73"/>
  <testcase classname="com.SeleniumWithDocker.TestGooglePageWithDocker" name="testGoogleTitleInFirefox" time="30.719"/>
</testsuite> <!-- DockerTest -->
