<?xml version="1.0" encoding="UTF-8"?>
<testng-results ignored="0" total="2" passed="2" failed="0" skipped="0">
  <reporter-output>
  </reporter-output>
  <suite started-at="2020-09-08T20:21:34Z" name="DockerSuite" finished-at="2020-09-08T20:22:05Z" duration-ms="30824">
    <groups>
    </groups>
    <test started-at="2020-09-08T20:21:34Z" name="DockerTest" finished-at="2020-09-08T20:22:05Z" duration-ms="30824">
      <class name="com.SeleniumWithDocker.TestGooglePageWithDocker">
        <test-method signature="testGoogleTitleInFirefox()[pri:0, instance:com.SeleniumWithDocker.TestGooglePageWithDocker@fa36558]" started-at="2020-09-08T20:21:34Z" name="testGoogleTitleInFirefox" finished-at="2020-09-08T20:22:05Z" duration-ms="30719" status="PASS">
          <reporter-output>
          </reporter-output>
        </test-method> <!-- testGoogleTitleInFirefox -->
        <test-method signature="testGoogleTitleInChrome()[pri:0, instance:com.SeleniumWithDocker.TestGooglePageWithDocker@fa36558]" started-at="2020-09-08T20:21:34Z" name="testGoogleTitleInChrome" finished-at="2020-09-08T20:21:50Z" duration-ms="15730" status="PASS">
          <reporter-output>
          </reporter-output>
        </test-method> <!-- testGoogleTitleInChrome -->
      </class> <!-- com.SeleniumWithDocker.TestGooglePageWithDocker -->
    </test> <!-- DockerTest -->
  </suite> <!-- DockerSuite -->
</testng-results>
